This is pdfTeX, Version 3.1415926-2.5-1.40.14 (TeX Live 2013/Debian) (format=latex 2016.12.19)  19 DEC 2016 07:13
entering extended mode
 restricted \write18 enabled.
 %&-line parsing enabled.
**./manual-images.tex
(./manual-images.tex
LaTeX2e <2011/06/27>
Babel <3.9h> and hyphenation patterns for 11 languages loaded.

(/usr/share/texlive/texmf-dist/tex/latex/base/article.cls
Document Class: article 2007/10/19 v1.4h Standard LaTeX document class
(/usr/share/texlive/texmf-dist/tex/latex/base/size10.clo
File: size10.clo 2007/10/19 v1.4h Standard LaTeX file (size option)
)
\c@part=\count79
\c@section=\count80
\c@subsection=\count81
\c@subsubsection=\count82
\c@paragraph=\count83
\c@subparagraph=\count84
\c@figure=\count85
\c@table=\count86
\abovecaptionskip=\skip41
\belowcaptionskip=\skip42
\bibindent=\dimen102
) (/usr/share/texlive/texmf-dist/tex/latex/base/ifthen.sty
Package: ifthen 2001/05/26 v1.1c Standard LaTeX ifthen package (DPC)
) (/usr/share/texlive/texmf-dist/tex/latex/base/makeidx.sty
Package: makeidx 2000/03/29 v1.0m Standard LaTeX package
) (/home/travis/build/k-okada/EusLisp/doc/latex/mytabbing.sty) (/usr/share/texl
ive/texmf-dist/tex/latex/fancyhdr/fancyheadings.sty
Package: fancyheadings 2008/02/04 1.99 Dummy package to call fancyhdr

Package fancyheadings Warning: Please stop using fancyheadings!
(fancyheadings)                Use fancyhdr instead.
(fancyheadings)                We will call fancyhdr with the very same
(fancyheadings)                options you passed to fancyheadings.
(fancyheadings)                
(fancyheadings)                fancyhdr is 99 percent compatible with
(fancyheadings)                fancyheadings. The only incompatibility is
(fancyheadings)                that \headrulewidth and \footrulewidth and
(fancyheadings)                their \plain... versions are no longer length
(fancyheadings)                parameters, but normal macros (to be changed
(fancyheadings)                with \renewcommand rather than \setlength)..

(/usr/share/texlive/texmf-dist/tex/latex/fancyhdr/fancyhdr.sty
\fancy@headwidth=\skip43
\f@ncyO@elh=\skip44
\f@ncyO@erh=\skip45
\f@ncyO@olh=\skip46
\f@ncyO@orh=\skip47
\f@ncyO@elf=\skip48
\f@ncyO@erf=\skip49
\f@ncyO@olf=\skip50
\f@ncyO@orf=\skip51
)) (/usr/share/texlive/texmf-dist/tex/latex/amsmath/amsmath.sty
Package: amsmath 2013/01/14 v2.14 AMS math features
\@mathmargin=\skip52
For additional information on amsmath, use the `?' option.
(/usr/share/texlive/texmf-dist/tex/latex/amsmath/amstext.sty
Package: amstext 2000/06/29 v2.01
(/usr/share/texlive/texmf-dist/tex/latex/amsmath/amsgen.sty
File: amsgen.sty 1999/11/30 v2.0
\@emptytoks=\toks14
\ex@=\dimen103
)) (/usr/share/texlive/texmf-dist/tex/latex/amsmath/amsbsy.sty
Package: amsbsy 1999/11/29 v1.2d
\pmbraise@=\dimen104
) (/usr/share/texlive/texmf-dist/tex/latex/amsmath/amsopn.sty
Package: amsopn 1999/12/14 v2.01 operator names
)
\inf@bad=\count87
LaTeX Info: Redefining \frac on input line 210.
\uproot@=\count88
\leftroot@=\count89
LaTeX Info: Redefining \overline on input line 306.
\classnum@=\count90
\DOTSCASE@=\count91
LaTeX Info: Redefining \ldots on input line 378.
LaTeX Info: Redefining \dots on input line 381.
LaTeX Info: Redefining \cdots on input line 466.
\Mathstrutbox@=\box26
\strutbox@=\box27
\big@size=\dimen105
LaTeX Font Info:    Redeclaring font encoding OML on input line 566.
LaTeX Font Info:    Redeclaring font encoding OMS on input line 567.
\macc@depth=\count92
\c@MaxMatrixCols=\count93
\dotsspace@=\muskip10
\c@parentequation=\count94
\dspbrk@lvl=\count95
\tag@help=\toks15
\row@=\count96
\column@=\count97
\maxfields@=\count98
\andhelp@=\toks16
\eqnshift@=\dimen106
\alignsep@=\dimen107
\tagshift@=\dimen108
\tagwidth@=\dimen109
\totwidth@=\dimen110
\lineht@=\dimen111
\@envbody=\toks17
\multlinegap=\skip53
\multlinetaggap=\skip54
\mathdisplay@stack=\toks18
LaTeX Info: Redefining \[ on input line 2665.
LaTeX Info: Redefining \] on input line 2666.
) (/usr/share/texlive/texmf-dist/tex/latex/graphics/graphicx.sty
Package: graphicx 1999/02/16 v1.0f Enhanced LaTeX Graphics (DPC,SPQR)
(/usr/share/texlive/texmf-dist/tex/latex/graphics/keyval.sty
Package: keyval 1999/03/16 v1.13 key=value parser (DPC)
\KV@toks@=\toks19
) (/usr/share/texlive/texmf-dist/tex/latex/graphics/graphics.sty
Package: graphics 2009/02/05 v1.0o Standard LaTeX Graphics (DPC,SPQR)
(/usr/share/texlive/texmf-dist/tex/latex/graphics/trig.sty
Package: trig 1999/03/16 v1.09 sin cos tan (DPC)
) (/usr/share/texlive/texmf-dist/tex/latex/latexconfig/graphics.cfg
File: graphics.cfg 2010/04/23 v1.9 graphics configuration of TeX Live
)
Package graphics Info: Driver file: dvipdfmx.def on input line 91.
(/usr/share/texlive/texmf-dist/tex/latex/dvipdfmx-def/dvipdfmx.def
File: dvipdfmx.def 2014/01/23 v3.4 LaTeX graphics driver for dvipdfmx (TeX Live
/ChoF)
))
\Gin@req@height=\dimen112
\Gin@req@width=\dimen113
) (/usr/share/texlive/texmf-dist/tex/latex/hyperref/hyperref.sty
Package: hyperref 2012/11/06 v6.83m Hypertext links for LaTeX
(/usr/share/texlive/texmf-dist/tex/generic/oberdiek/hobsub-hyperref.sty
Package: hobsub-hyperref 2012/05/28 v1.13 Bundle oberdiek, subset hyperref (HO)

(/usr/share/texlive/texmf-dist/tex/generic/oberdiek/hobsub-generic.sty
Package: hobsub-generic 2012/05/28 v1.13 Bundle oberdiek, subset generic (HO)
Package: hobsub 2012/05/28 v1.13 Construct package bundles (HO)
Package: infwarerr 2010/04/08 v1.3 Providing info/warning/error messages (HO)
Package: ltxcmds 2011/11/09 v1.22 LaTeX kernel commands for general use (HO)
Package: ifluatex 2010/03/01 v1.3 Provides the ifluatex switch (HO)
Package ifluatex Info: LuaTeX not detected.
Package: ifvtex 2010/03/01 v1.5 Detect VTeX and its facilities (HO)
Package ifvtex Info: VTeX not detected.
Package: intcalc 2007/09/27 v1.1 Expandable calculations with integers (HO)
Package: ifpdf 2011/01/30 v2.3 Provides the ifpdf switch (HO)
Package ifpdf Info: pdfTeX in PDF mode is not detected.
Package: etexcmds 2011/02/16 v1.5 Avoid name clashes with e-TeX commands (HO)
Package etexcmds Info: Could not find \expanded.
(etexcmds)             That can mean that you are not using pdfTeX 1.50 or
(etexcmds)             that some package has redefined \expanded.
(etexcmds)             In the latter case, load this package earlier.
Package: kvsetkeys 2012/04/25 v1.16 Key value parser (HO)
Package: kvdefinekeys 2011/04/07 v1.3 Define keys (HO)
Package: pdftexcmds 2011/11/29 v0.20 Utility functions of pdfTeX for LuaTeX (HO
)
Package pdftexcmds Info: LuaTeX not detected.
Package pdftexcmds Info: \pdf@primitive is available.
Package pdftexcmds Info: \pdf@ifprimitive is available.
Package pdftexcmds Info: \pdfdraftmode is ignored in DVI mode.
Package: pdfescape 2011/11/25 v1.13 Implements pdfTeX's escape features (HO)
Package: bigintcalc 2012/04/08 v1.3 Expandable calculations on big integers (HO
)
Package: bitset 2011/01/30 v1.1 Handle bit-vector datatype (HO)
Package: uniquecounter 2011/01/30 v1.2 Provide unlimited unique counter (HO)
)
Package hobsub Info: Skipping package `hobsub' (already loaded).
Package: letltxmacro 2010/09/02 v1.4 Let assignment for LaTeX macros (HO)
Package: hopatch 2012/05/28 v1.2 Wrapper for package hooks (HO)
Package: xcolor-patch 2011/01/30 xcolor patch
Package: atveryend 2011/06/30 v1.8 Hooks at the very end of document (HO)
Package atveryend Info: \enddocument detected (standard20110627).
Package: atbegshi 2011/10/05 v1.16 At begin shipout hook (HO)
Package: refcount 2011/10/16 v3.4 Data extraction from label references (HO)
Package: hycolor 2011/01/30 v1.7 Color options for hyperref/bookmark (HO)
) (/usr/share/texlive/texmf-dist/tex/generic/ifxetex/ifxetex.sty
Package: ifxetex 2010/09/12 v0.6 Provides ifxetex conditional
) (/usr/share/texlive/texmf-dist/tex/latex/oberdiek/auxhook.sty
Package: auxhook 2011/03/04 v1.3 Hooks for auxiliary files (HO)
) (/usr/share/texlive/texmf-dist/tex/latex/oberdiek/kvoptions.sty
Package: kvoptions 2011/06/30 v3.11 Key value format for package options (HO)
)
\@linkdim=\dimen114
\Hy@linkcounter=\count99
\Hy@pagecounter=\count100
(/usr/share/texlive/texmf-dist/tex/latex/hyperref/pd1enc.def
File: pd1enc.def 2012/11/06 v6.83m Hyperref: PDFDocEncoding definition (HO)
)
\Hy@SavedSpaceFactor=\count101
(/usr/share/texlive/texmf-dist/tex/latex/latexconfig/hyperref.cfg
File: hyperref.cfg 2002/06/06 v1.2 hyperref configuration of TeXLive
)
Package hyperref Info: Option `bookmarks' set `true' on input line 4319.
Package hyperref Info: Option `bookmarksnumbered' set `true' on input line 4319
.
Package hyperref Info: Hyper figures OFF on input line 4443.
Package hyperref Info: Link nesting OFF on input line 4448.
Package hyperref Info: Hyper index ON on input line 4451.
Package hyperref Info: Plain pages OFF on input line 4458.
Package hyperref Info: Backreferencing OFF on input line 4463.
Package hyperref Info: Implicit mode ON; LaTeX internals redefined.
Package hyperref Info: Bookmarks ON on input line 4688.
\c@Hy@tempcnt=\count102
(/usr/share/texlive/texmf-dist/tex/latex/url/url.sty
\Urlmuskip=\muskip11
Package: url 2013/09/16  ver 3.4  Verb mode for urls, etc.
)
LaTeX Info: Redefining \url on input line 5041.
\XeTeXLinkMargin=\dimen115
\Fld@menulength=\count103
\Field@Width=\dimen116
\Fld@charsize=\dimen117
Package hyperref Info: Hyper figures OFF on input line 6295.
Package hyperref Info: Link nesting OFF on input line 6300.
Package hyperref Info: Hyper index ON on input line 6303.
Package hyperref Info: backreferencing OFF on input line 6310.
Package hyperref Info: Link coloring OFF on input line 6315.
Package hyperref Info: Link coloring with OCG OFF on input line 6320.
Package hyperref Info: PDF/A mode OFF on input line 6325.
LaTeX Info: Redefining \ref on input line 6365.
LaTeX Info: Redefining \pageref on input line 6369.
\Hy@abspage=\count104
\c@Item=\count105
\c@Hfootnote=\count106
)

Package hyperref Message: Driver: hdvipdfm.

(/usr/share/texlive/texmf-dist/tex/latex/hyperref/hdvipdfm.def
File: hdvipdfm.def 2012/11/06 v6.83m Hyperref driver for dvipdfm
\pdfm@box=\box28
\c@Hy@AnnotLevel=\count107
\HyField@AnnotCount=\count108
\Fld@listcount=\count109
\c@bookmark@seq@number=\count110
(/usr/share/texlive/texmf-dist/tex/latex/oberdiek/rerunfilecheck.sty
Package: rerunfilecheck 2011/04/15 v1.7 Rerun checks for auxiliary files (HO)
Package uniquecounter Info: New unique counter `rerunfilecheck' on input line 2
82.
)
\Hy@SectionHShift=\skip55
)
\@indexfile=\write3
\openout3 = `manual-images.idx'.

Writing index file manual-images.idx
(/usr/share/texlive/texmf-dist/tex/latex/graphics/color.sty
Package: color 2005/11/14 v1.0j Standard LaTeX Color (DPC)
(/usr/share/texlive/texmf-dist/tex/latex/latexconfig/color.cfg
File: color.cfg 2007/01/18 v1.5 color configuration of teTeX/TeXLive
)
Package color Info: Driver file: dvips.def on input line 130.
(/usr/share/texlive/texmf-dist/tex/latex/graphics/dvips.def
File: dvips.def 1999/02/16 v3.0i Driver-dependant file (DPC,SPQR)
) (/usr/share/texlive/texmf-dist/tex/latex/graphics/dvipsnam.def
File: dvipsnam.def 1999/02/16 v3.0i Driver-dependant file (DPC,SPQR)
)) (/usr/share/texlive/texmf-dist/tex/latex/base/inputenc.sty
Package: inputenc 2008/03/30 v1.1d Input encoding file
\inpenc@prehook=\toks20
\inpenc@posthook=\toks21
(/usr/share/texlive/texmf-dist/tex/latex/base/latin1.def
File: latin1.def 2008/03/30 v1.1d Input encoding file
))
\sizebox=\box29
\lthtmlwrite=\write4
(./manual-images.aux)
\openout1 = `manual-images.aux'.

LaTeX Font Info:    Checking defaults for OML/cmm/m/it on input line 164.
LaTeX Font Info:    ... okay on input line 164.
LaTeX Font Info:    Checking defaults for T1/cmr/m/n on input line 164.
LaTeX Font Info:    ... okay on input line 164.
LaTeX Font Info:    Checking defaults for OT1/cmr/m/n on input line 164.
LaTeX Font Info:    ... okay on input line 164.
LaTeX Font Info:    Checking defaults for OMS/cmsy/m/n on input line 164.
LaTeX Font Info:    ... okay on input line 164.
LaTeX Font Info:    Checking defaults for OMX/cmex/m/n on input line 164.
LaTeX Font Info:    ... okay on input line 164.
LaTeX Font Info:    Checking defaults for U/cmr/m/n on input line 164.
LaTeX Font Info:    ... okay on input line 164.
LaTeX Font Info:    Checking defaults for PD1/pdf/m/n on input line 164.
LaTeX Font Info:    ... okay on input line 164.
\AtBeginShipoutBox=\box30
Package hyperref Info: Link coloring OFF on input line 164.
(/usr/share/texlive/texmf-dist/tex/latex/hyperref/nameref.sty
Package: nameref 2012/10/27 v2.43 Cross-referencing by name of section
(/usr/share/texlive/texmf-dist/tex/generic/oberdiek/gettitlestring.sty
Package: gettitlestring 2010/12/03 v1.4 Cleanup title references (HO)
)
\c@section@level=\count111
)
LaTeX Info: Redefining \ref on input line 164.
LaTeX Info: Redefining \pageref on input line 164.
LaTeX Info: Redefining \nameref on input line 164.
\@outlinefile=\write5
\openout5 = `manual-images.out'.


latex2htmlLength hsize=349.0pt

latex2htmlLength vsize=744.17567pt

latex2htmlLength hoffset=0.0pt

latex2htmlLength voffset=0.0pt

latex2htmlLength topmargin=0.0pt

latex2htmlLength topskip=0.00003pt

latex2htmlLength headheight=0.0pt

latex2htmlLength headsep=0.0pt

latex2htmlLength parskip=2.84526pt

latex2htmlLength oddsidemargin=14.22636pt

latex2htmlLength evensidemargin=14.22636pt

File: fig/eta3colavo.ps Graphic file (type eps)
<fig/eta3colavo.ps>
Overfull \hbox (77.79134pt too wide) detected at line 392
 [] 
 []

l2hSize :tex2html_wrap55129:212.9832pt::0.0pt::349.0pt.
[1



]
File: fig/pointer.ps Graphic file (type eps)
<fig/pointer.ps>
l2hSize :tex2html_wrap55131:110.85197pt::0.0pt::349.0pt.
[2


]
File: fig/object.ps Graphic file (type eps)
<fig/object.ps>
Overfull \hbox (49.48874pt too wide) detected at line 407
 [] 
 []

l2hSize :tex2html_wrap55137:119.44624pt::0.0pt::349.0pt.
[3


]
l2hSize :figure772:617.0pt::0.0pt::349.0pt.
[4


]
l2hSize :tex2html_wrap_inline55184:8.0pt::8.0pt::3.27782pt.
[5


]
LaTeX Font Info:    Try loading font information for OMS+cmr on input line 505.

(/usr/share/texlive/texmf-dist/tex/latex/base/omscmr.fd
File: omscmr.fd 1999/05/25 v2.5h Standard LaTeX font definitions
)
LaTeX Font Info:    Font shape `OMS/cmr/m/it' in size <10> not available
(Font)              Font shape `OMS/cmsy/m/n' tried instead on input line 505.
l2hSize :emtabbing3862:94.84526pt::0.0pt::350.05598pt.
[6


]
l2hSize :tex2html_wrap_inline55293:6.95831pt::6.95831pt::8.27783pt.
[7


]
l2hSize :tex2html_wrap_inline55326:8.64003pt::8.64003pt::104.29175pt.
[8


]
l2hSize :tex2html_wrap_inline55329:8.14003pt::0.0pt::20.22232pt.
[9


]
l2hSize :tex2html_wrap_inline55335:6.45831pt::0.0pt::6.55908pt.
[10


]
l2hSize :tex2html_wrap_inline55338:6.95831pt::6.95831pt::23.78123pt.
[11


]
l2hSize :tex2html_wrap_inline55341:8.0pt::8.0pt::16.55911pt.
[12


]
l2hSize :tex2html_wrap_inline55345:6.95831pt::6.95831pt::31.55904pt.
[13


]
l2hSize :tex2html_wrap_inline55356:6.95831pt::6.95831pt::8.27783pt.
[14


]
l2hSize :tex2html_wrap_inline55376:6.95831pt::6.95831pt::16.05563pt.
[15


]
l2hSize :tex2html_wrap_inline55381:6.95831pt::6.95831pt::16.05563pt.
[16


]
l2hSize :tex2html_wrap_inline55388:7.09525pt::7.09525pt::50.01114pt.
[17


]
l2hSize :tex2html_wrap_inline55391:7.09525pt::7.09525pt::50.01114pt.
[18


]
l2hSize :tex2html_wrap_inline55427:8.0pt::8.0pt::45.33878pt.
[19


]
l2hSize :tex2html_wrap_inline55430:8.0pt::8.0pt::45.06609pt.
[20


]
l2hSize :tex2html_wrap_inline55433:8.0pt::8.0pt::46.10315pt.
[21


]
l2hSize :tex2html_wrap_inline55436:10.78847pt::10.78847pt::31.07172pt.
[22


]
l2hSize :tex2html_wrap_inline55442:10.78847pt::10.78847pt::31.07172pt.
[23


]
l2hSize :tex2html_wrap_inline55447:8.0pt::8.0pt::44.43996pt.
[24


]
l2hSize :tex2html_wrap_inline55455:6.6428pt::0.0pt::10.19102pt.
[25


]
l2hSize :tex2html_wrap_inline55465:8.0pt::8.0pt::5.50005pt.
[26


]
l2hSize :tex2html_wrap_inline55467:8.0pt::8.0pt::14.38896pt.
[27


]
l2hSize :emtabbing11215:106.84526pt::0.0pt::349.0pt.
[28


]
l2hSize :tex2html_wrap_indisplay55754:8.0pt::8.0pt::100.36201pt.
[29


]
l2hSize :tex2html_wrap_inline55759:8.14003pt::0.0pt::14.98619pt.
[30


]
l2hSize :emtabbing15805:94.84526pt::0.0pt::349.0pt.
[31


]
l2hSize :tex2html_wrap_inline55813:8.0pt::8.0pt::43.54858pt.
[32


]
l2hSize :tex2html_wrap_inline55889:6.45831pt::0.0pt::8.27783pt.
[33


]
Overfull \hbox (0.98181pt too wide) detected at line 743
[] [] []
 []

l2hSize :emtabbing19228:106.84526pt::0.0pt::432.56528pt.
[34


]
l2hSize :emtabbing19303:106.84526pt::0.0pt::292.3775pt.
[35


]
Overfull \hbox (14.973pt too wide) detected at line 776
[] [] []
 []

l2hSize :emtabbing19396:82.84526pt::0.0pt::349.0pt.
[36


]
l2hSize :tex2html_wrap_inline56101:6.94444pt::0.0pt::45.55737pt.
[37


]
l2hSize :tex2html_wrap_inline56105:6.94444pt::0.0pt::45.55737pt.
[38


]
File: fig/threadfig.ps Graphic file (type eps)
<fig/threadfig.ps>
Overfull \hbox (20.88582pt too wide) detected at line 825
 [] 
 []

l2hSize :tex2html_wrap56228:162.4837pt::0.0pt::349.0pt.
[39


]
File: fig/parathreads.ps Graphic file (type eps)
<fig/parathreads.ps>
l2hSize :tex2html_wrap56233:294.6941pt::0.0pt::349.0pt.
[40


]
File: fig/threadobj.ps Graphic file (type eps)
<fig/threadobj.ps>
l2hSize :tex2html_wrap56237:119.55902pt::0.0pt::349.0pt.
[41


]
File: fig/threadpool.ps Graphic file (type eps)
<fig/threadpool.ps>
l2hSize :tex2html_wrap56239:116.9237pt::0.0pt::349.0pt.
[42


]
File: fig/synchports.ps Graphic file (type eps)
<fig/synchports.ps>
Overfull \hbox (20.88582pt too wide) detected at line 854
 [] 
 []

l2hSize :tex2html_wrap56248:191.1055pt::0.0pt::349.0pt.
[43


]
l2hSize :tex2html_wrap_inline56344:8.0pt::8.0pt::33.00938pt.
[44


]
l2hSize :tex2html_wrap_inline56347:8.64003pt::8.64003pt::121.52103pt.
[45


]
l2hSize :tex2html_wrap_inline56351:8.0pt::8.0pt::77.18532pt.
[46


]
l2hSize :tex2html_wrap_inline56354:8.64003pt::8.64003pt::81.67145pt.
[47


]
l2hSize :tex2html_wrap_inline56359:8.0pt::8.0pt::67.84715pt.
[48


]
l2hSize :tex2html_wrap_inline56361:8.0pt::8.0pt::43.89569pt.
[49


]
l2hSize :tex2html_wrap_inline56367:7.44444pt::7.44444pt::98.40784pt.
[50


]
l2hSize :tex2html_wrap_inline56375:6.95831pt::6.95831pt::8.27783pt.
[51


]
l2hSize :emtabbing28086:154.84526pt::0.0pt::349.0pt.
[52


]
l2hSize :tex2html_wrap_inline56474:6.95831pt::6.95831pt::22.7222pt.
[53


]
l2hSize :tex2html_wrap_indisplay56476:15.0001pt::15.0001pt::73.4013pt.
[54


]
l2hSize :tex2html_wrap_inline56478:7.36111pt::7.36111pt::15.42464pt.
[55


]
l2hSize :tex2html_wrap_inline56480:6.95831pt::6.95831pt::22.7222pt.
[56


]
l2hSize :tex2html_wrap_inline56482:6.95831pt::6.95831pt::13.18854pt.
[57


]
l2hSize :tex2html_wrap_inline56484:6.95831pt::6.95831pt::22.7222pt.
[58


]
l2hSize :tex2html_wrap_inline56490:6.86111pt::0.0pt::9.12498pt.
[59


]
l2hSize :tex2html_wrap_inline56492:6.95831pt::6.95831pt::6.88889pt.
[60


]
l2hSize :tex2html_wrap_inline56494:6.45831pt::0.0pt::10.50005pt.
[61


]
l2hSize :tex2html_wrap_inline56502:6.45831pt::0.0pt::6.72917pt.
[62


]
l2hSize :tex2html_wrap_inline56508:7.36111pt::7.36111pt::21.65378pt.
[63


]
l2hSize :tex2html_wrap_inline56514:8.91226pt::8.91226pt::27.95343pt.
[64


]
l2hSize :tex2html_wrap_inline56520:7.36111pt::7.36111pt::46.56442pt.
[65


]
l2hSize :tex2html_wrap_inline56526:9.28888pt::9.28888pt::60.44534pt.
[66


]
l2hSize :tex2html_wrap_inline56530:8.14003pt::0.0pt::18.46883pt.
[67


]
l2hSize :tex2html_wrap_indisplay56532:15.19446pt::15.19446pt::115.71284pt.
[68


]
l2hSize :tex2html_wrap_inline56534:8.14003pt::0.0pt::25.96884pt.
[69


]
l2hSize :tex2html_wrap_inline56536:8.14003pt::0.0pt::25.96884pt.
[70


]
l2hSize :tex2html_wrap_inline56538:8.14003pt::0.0pt::58.37167pt.
[71


]
l2hSize :tex2html_wrap_inline56540:6.45831pt::0.0pt::10.50005pt.
[72


]
l2hSize :tex2html_wrap_inline56542:6.45831pt::0.0pt::10.50005pt.
[73


]
l2hSize :tex2html_wrap_inline56544:7.36111pt::7.36111pt::46.11894pt.
[74


]
l2hSize :tex2html_wrap_inline56546:6.95831pt::6.95831pt::41.64674pt.
[75


]
l2hSize :tex2html_wrap_inline56552:7.36111pt::7.36111pt::39.60503pt.
[76


]
l2hSize :tex2html_wrap_inline56554:6.95831pt::6.95831pt::35.13283pt.
[77


]
l2hSize :tex2html_wrap_inline56556:6.83331pt::0.0pt::38.02078pt.
[78


]
l2hSize :tex2html_wrap_inline56558:6.83331pt::0.0pt::30.78813pt.
[79


]
l2hSize :tex2html_wrap_inline56560:6.83331pt::0.0pt::41.62148pt.
[80


]
l2hSize :tex2html_wrap_inline56564:7.36111pt::7.36111pt::74.80836pt.
[81


]
l2hSize :tex2html_wrap_inline56566:6.95831pt::6.95831pt::59.88376pt.
[82


]
l2hSize :tex2html_wrap_inline56568:7.36111pt::7.36111pt::77.60596pt.
[83


]
l2hSize :tex2html_wrap_inline56574:6.95831pt::6.95831pt::34.97311pt.
[84


]
l2hSize :tex2html_wrap_inline56576:7.36111pt::7.36111pt::80.40355pt.
[85


]
l2hSize :tex2html_wrap_inline56580:6.83331pt::0.0pt::38.02078pt.
[86


]
l2hSize :tex2html_wrap_inline56582:6.83331pt::0.0pt::20.5104pt.
[87


]
l2hSize :tex2html_wrap_inline56584:10.03891pt::10.03891pt::57.07996pt.
[88


]
File: fig/beam.ps Graphic file (type eps)
<fig/beam.ps>
l2hSize :tex2html_wrap56586:284.52756pt::0.0pt::349.0pt.
[89


]
l2hSize :tex2html_wrap_inline56596:8.0pt::8.0pt::141.06131pt.
[90


]
l2hSize :tex2html_wrap_inline56610:8.0pt::8.0pt::125.04399pt.
[91


]
l2hSize :tex2html_wrap_inline56625:6.45831pt::0.0pt::26.00711pt.
[92


]
l2hSize :tex2html_wrap_inline56627:6.45831pt::0.0pt::26.00711pt.
[93


]
l2hSize :tex2html_wrap_inline56629:7.44444pt::7.44444pt::118.42616pt.
[94


]
l2hSize :tex2html_wrap_inline56651:7.44444pt::7.44444pt::118.42616pt.
[95


]
l2hSize :tex2html_wrap_inline56662:7.44444pt::7.44444pt::118.42616pt.
[96


]
File: fig/fig1.ps Graphic file (type eps)
<fig/fig1.ps>
l2hSize :tex2html_wrap56806:400.9714pt::0.0pt::349.0pt.
[97


]
l2hSize :tex2html_wrap_inline56812:6.45831pt::0.0pt::5.59033pt.
[98


]
File: fig/fig-peg-in-hole1.ps Graphic file (type eps)
<fig/fig-peg-in-hole1.ps>
l2hSize :tex2html_wrap56850:224.77774pt::0.0pt::349.0pt.
[99


]
File: fig/fig-peg-in-hole2.ps Graphic file (type eps)
<fig/fig-peg-in-hole2.ps>
l2hSize :tex2html_wrap56851:224.77774pt::0.0pt::349.0pt.
[100


]
File: fig/fig-peg-in-hole3.ps Graphic file (type eps)
<fig/fig-peg-in-hole3.ps>
l2hSize :tex2html_wrap56852:224.77774pt::0.0pt::349.0pt.
[101


]
File: fig/fig-peg-in-hole4.ps Graphic file (type eps)
<fig/fig-peg-in-hole4.ps>
l2hSize :tex2html_wrap56853:224.77774pt::0.0pt::349.0pt.
[102


]
File: fig/fig-peg-naname-m1.ps Graphic file (type eps)
<fig/fig-peg-naname-m1.ps>
l2hSize :tex2html_wrap56854:224.77774pt::0.0pt::349.0pt.
[103


]
File: fig/fig-peg-naname-m2.ps Graphic file (type eps)
<fig/fig-peg-naname-m2.ps>
l2hSize :tex2html_wrap56855:224.77774pt::0.0pt::349.0pt.
[104


]
File: fig/fig-peg-naname-m3.ps Graphic file (type eps)
<fig/fig-peg-naname-m3.ps>
l2hSize :tex2html_wrap56856:224.77774pt::0.0pt::349.0pt.
[105


]
File: fig/fig-peg-naname-m4.ps Graphic file (type eps)
<fig/fig-peg-naname-m4.ps>
l2hSize :tex2html_wrap56857:224.77774pt::0.0pt::349.0pt.
[106


]
l2hSize :tex2html_wrap_inline56863:6.45831pt::0.0pt::29.13432pt.
[107


]
File: fig/viewcoords.ps Graphic file (type eps)
<fig/viewcoords.ps>
Overfull \hbox (69.89468pt too wide) detected at line 1291
 [] 
 []

l2hSize :tex2html_wrap56891:284.52756pt::0.0pt::349.0pt.
[108


]
l2hSize :emtabbing36824:142.84526pt::0.0pt::349.0pt.
[109


]
l2hSize :emtabbing39586:58.84526pt::0.0pt::349.0pt.
[110


]
File: fig/block1.edg.ps Graphic file (type eps)
<fig/block1.edg.ps>
l2hSize :tex2html_wrap57091:256.0748pt::0.0pt::349.0pt.
[111


]
l2hSize :displaymath57149:175.38892pt::0.0pt::349.0pt.
[112


]
File: fig/eta3coords.ps Graphic file (type eps)
<fig/eta3coords.ps>
l2hSize :tex2html_wrap57152:284.52756pt::0.0pt::349.0pt.
[113


]
File: fig/xdraw.ps Graphic file (type eps)
<fig/xdraw.ps>
l2hSize :tex2html_wrap57218:170.71652pt::0.0pt::349.0pt.
[114


]
l2hSize :tex2html_wrap_inline57223:8.0pt::8.0pt::23.69911pt.
[115


]
l2hSize :emtabbing43968:118.84526pt::0.0pt::352.37126pt.
[116


]
Overfull \hbox (37.59914pt too wide) detected at line 1418
[] [] []
 []

l2hSize :emtabbing47706:58.84526pt::0.0pt::386.83208pt.
[117


]
File: fig/panellayout.ps Graphic file (type eps)
<fig/panellayout.ps>
l2hSize :tex2html_wrap57354:199.16928pt::0.0pt::349.0pt.
[118


]
File: fig/filepanel.ps Graphic file (type eps)
<fig/filepanel.ps>
l2hSize :tex2html_wrap57375:213.39566pt::0.0pt::349.0pt.
[119


]
File: fig/textviewpanel.ps Graphic file (type eps)
<fig/textviewpanel.ps>
l2hSize :tex2html_wrap57380:199.16928pt::0.0pt::349.0pt.
[120


]
File: fig/panelitem.ps Graphic file (type eps)
<fig/panelitem.ps>
l2hSize :tex2html_wrap57414:142.26378pt::0.0pt::349.0pt.
[121


]
Package atveryend Info: Empty hook `BeforeClearDocument' on input line 1463.
Package atveryend Info: Empty hook `AfterLastShipout' on input line 1463.
(./manual-images.aux)
Package atveryend Info: Empty hook `AtVeryEndDocument' on input line 1463.
Package atveryend Info: Executing hook `AtEndAfterFileList' on input line 1463.


Package rerunfilecheck Warning: File `manual-images.out' has changed.
(rerunfilecheck)                Rerun to get outlines right
(rerunfilecheck)                or use package `bookmark'.

Package rerunfilecheck Info: Checksums for `manual-images.out':
(rerunfilecheck)             Before: <no file>
(rerunfilecheck)             After:  D41D8CD98F00B204E9800998ECF8427E;0.
Package atveryend Info: Empty hook `AtVeryVeryEnd' on input line 1463.
 ) 
Here is how much of TeX's memory you used:
 5683 strings out of 494757
 82351 string characters out of 6175175
 176693 words of memory out of 5000000
 8961 multiletter control sequences out of 15000+600000
 5833 words of font info for 22 fonts, out of 8000000 for 9000
 80 hyphenation exceptions out of 8191
 29i,8n,45p,282b,366s stack positions out of 5000i,500n,10000p,200000b,80000s

Output written on manual-images.dvi (121 pages, 41872 bytes).
